ddfddError: listen EADDRINUSE :::8898
    at Object.exports._errnoException (util.js:870:11)
    at exports._exceptionWithHostPort (util.js:893:20)
    at Server._listen2 (net.js:1236:14)
    at listen (net.js:1272:10)
    at Server.listen (net.js:1368:5)
    at EventEmitter.listen (F:\我的坚果云\项目\Nodejs_demo\node_modules\express\lib\application.js:617:24)
    at Object.<anonymous> (F:\我的坚果云\项目\Nodejs_demo\core\app.js:31:5)
    at Module._compile (module.js:409:26)
    at Object.Module._extensions..js (module.js:416:10)
    at Module.load (module.js:343:32)
Error: listen EADDRINUSE :::8898
    at Object.exports._errnoException (util.js:870:11)
    at exports._exceptionWithHostPort (util.js:893:20)
    at Server._listen2 (net.js:1236:14)
    at listen (net.js:1272:10)
    at Server.listen (net.js:1368:5)
    at EventEmitter.listen (F:\我的坚果云\项目\Nodejs_demo\node_modules\express\lib\application.js:617:24)
    at Object.<anonymous> (F:\我的坚果云\项目\Nodejs_demo\core\app.js:31:5)
    at Module._compile (module.js:409:26)
    at Object.Module._extensions..js (module.js:416:10)
    at Module.load (module.js:343:32)
Error: listen EADDRINUSE :::8898
    at Object.exports._errnoException (util.js:870:11)
    at exports._exceptionWithHostPort (util.js:893:20)
    at Server._listen2 (net.js:1236:14)
    at listen (net.js:1272:10)
    at Server.listen (net.js:1368:5)
    at EventEmitter.listen (F:\我的坚果云\项目\Nodejs_demo\node_modules\express\lib\application.js:617:24)
    at Object.<anonymous> (F:\我的坚果云\项目\Nodejs_demo\core\app.js:31:5)
    at Module._compile (module.js:409:26)
    at Object.Module._extensions..js (module.js:416:10)
    at Module.load (module.js:343:32)
Error: listen EADDRINUSE :::8898
    at Object.exports._errnoException (util.js:870:11)
    at exports._exceptionWithHostPort (util.js:893:20)
    at Server._listen2 (net.js:1236:14)
    at listen (net.js:1272:10)
    at Server.listen (net.js:1368:5)
    at EventEmitter.listen (F:\我的坚果云\项目\Nodejs_demo\node_modules\express\lib\application.js:617:24)
    at Object.<anonymous> (F:\我的坚果云\项目\Nodejs_demo\core\app.js:31:5)
    at Module._compile (module.js:409:26)
    at Object.Module._extensions..js (module.js:416:10)
    at Module.load (module.js:343:32)
Error: listen EADDRINUSE :::8898
    at Object.exports._errnoException (util.js:870:11)
    at exports._exceptionWithHostPort (util.js:893:20)
    at Server._listen2 (net.js:1236:14)
    at listen (net.js:1272:10)
    at Server.listen (net.js:1368:5)
    at EventEmitter.listen (F:\我的坚果云\项目\Nodejs_demo\node_modules\express\lib\application.js:617:24)
    at Object.<anonymous> (F:\我的坚果云\项目\Nodejs_demo\core\app.js:31:5)
    at Module._compile (module.js:409:26)
    at Object.Module._extensions..js (module.js:416:10)
    at Module.load (module.js:343:32)
Error: listen EADDRINUSE :::8898
    at Object.exports._errnoException (util.js:870:11)
    at exports._exceptionWithHostPort (util.js:893:20)
    at Server._listen2 (net.js:1236:14)
    at listen (net.js:1272:10)
    at Server.listen (net.js:1368:5)
    at EventEmitter.listen (F:\我的坚果云\项目\Nodejs_demo\node_modules\express\lib\application.js:617:24)
    at Object.<anonymous> (F:\我的坚果云\项目\Nodejs_demo\core\app.js:31:5)
    at Module._compile (module.js:409:26)
    at Object.Module._extensions..js (module.js:416:10)
    at Module.load (module.js:343:32)
Error: listen EADDRINUSE :::8898
    at Object.exports._errnoException (util.js:870:11)
    at exports._exceptionWithHostPort (util.js:893:20)
    at Server._listen2 (net.js:1236:14)
    at listen (net.js:1272:10)
    at Server.listen (net.js:1368:5)
    at EventEmitter.listen (F:\我的坚果云\项目\Nodejs_demo\node_modules\express\lib\application.js:617:24)
    at Object.<anonymous> (F:\我的坚果云\项目\Nodejs_demo\core\app.js:31:5)
    at Module._compile (module.js:409:26)
    at Object.Module._extensions..js (module.js:416:10)
    at Module.load (module.js:343:32)
Error: listen EADDRINUSE :::8898
    at Object.exports._errnoException (util.js:870:11)
    at exports._exceptionWithHostPort (util.js:893:20)
    at Server._listen2 (net.js:1236:14)
    at listen (net.js:1272:10)
    at Server.listen (net.js:1368:5)
    at EventEmitter.listen (F:\我的坚果云\项目\Nodejs_demo\node_modules\express\lib\application.js:617:24)
    at Object.<anonymous> (F:\我的坚果云\项目\Nodejs_demo\core\app.js:31:5)
    at Module._compile (module.js:409:26)
    at Object.Module._extensions..js (module.js:416:10)
    at Module.load (module.js:343:32)
Error: listen EADDRINUSE :::8898
    at Object.exports._errnoException (util.js:870:11)
    at exports._exceptionWithHostPort (util.js:893:20)
    at Server._listen2 (net.js:1236:14)
    at listen (net.js:1272:10)
    at Server.listen (net.js:1368:5)
    at EventEmitter.listen (F:\我的坚果云\项目\Nodejs_demo\node_modules\express\lib\application.js:617:24)
    at Object.<anonymous> (F:\我的坚果云\项目\Nodejs_demo\core\app.js:31:5)
    at Module._compile (module.js:409:26)
    at Object.Module._extensions..js (module.js:416:10)
    at Module.load (module.js:343:32)
Error: listen EADDRINUSE :::8898
    at Object.exports._errnoException (util.js:870:11)
    at exports._exceptionWithHostPort (util.js:893:20)
    at Server._listen2 (net.js:1236:14)
    at listen (net.js:1272:10)
    at Server.listen (net.js:1368:5)
    at EventEmitter.listen (F:\我的坚果云\项目\Nodejs_demo\node_modules\express\lib\application.js:617:24)
    at Object.<anonymous> (F:\我的坚果云\项目\Nodejs_demo\core\app.js:31:5)
    at Module._compile (module.js:409:26)
    at Object.Module._extensions..js (module.js:416:10)
    at Module.load (module.js:343:32)
Error: listen EADDRINUSE :::8898
    at Object.exports._errnoException (util.js:870:11)
    at exports._exceptionWithHostPort (util.js:893:20)
    at Server._listen2 (net.js:1236:14)
    at listen (net.js:1272:10)
    at Server.listen (net.js:1368:5)
    at EventEmitter.listen (F:\我的坚果云\项目\Nodejs_demo\node_modules\express\lib\application.js:617:24)
    at Object.<anonymous> (F:\我的坚果云\项目\Nodejs_demo\core\app.js:31:5)
    at Module._compile (module.js:409:26)
    at Object.Module._extensions..js (module.js:416:10)
    at Module.load (module.js:343:32)
Error: listen EADDRINUSE :::8898
    at Object.exports._errnoException (util.js:870:11)
    at exports._exceptionWithHostPort (util.js:893:20)
    at Server._listen2 (net.js:1236:14)
    at listen (net.js:1272:10)
    at Server.listen (net.js:1368:5)
    at EventEmitter.listen (F:\我的坚果云\项目\Nodejs_demo\node_modules\express\lib\application.js:617:24)
    at Object.<anonymous> (F:\我的坚果云\项目\Nodejs_demo\core\app.js:31:5)
    at Module._compile (module.js:409:26)
    at Object.Module._extensions..js (module.js:416:10)
    at Module.load (module.js:343:32)
Error: listen EADDRINUSE :::8898
    at Object.exports._errnoException (util.js:870:11)
    at exports._exceptionWithHostPort (util.js:893:20)
    at Server._listen2 (net.js:1236:14)
    at listen (net.js:1272:10)
    at Server.listen (net.js:1368:5)
    at EventEmitter.listen (F:\我的坚果云\项目\Nodejs_demo\node_modules\express\lib\application.js:617:24)
    at Object.<anonymous> (F:\我的坚果云\项目\Nodejs_demo\core\app.js:31:5)
    at Module._compile (module.js:409:26)
    at Object.Module._extensions..js (module.js:416:10)
    at Module.load (module.js:343:32)
Error: listen EADDRINUSE :::8898
    at Object.exports._errnoException (util.js:870:11)
    at exports._exceptionWithHostPort (util.js:893:20)
    at Server._listen2 (net.js:1236:14)
    at listen (net.js:1272:10)
    at Server.listen (net.js:1368:5)
    at EventEmitter.listen (F:\我的坚果云\项目\Nodejs_demo\node_modules\express\lib\application.js:617:24)
    at Object.<anonymous> (F:\我的坚果云\项目\Nodejs_demo\core\app.js:31:5)
    at Module._compile (module.js:409:26)
    at Object.Module._extensions..js (module.js:416:10)
    at Module.load (module.js:343:32)
Error: listen EADDRINUSE :::8898
    at Object.exports._errnoException (util.js:870:11)
    at exports._exceptionWithHostPort (util.js:893:20)
    at Server._listen2 (net.js:1236:14)
    at listen (net.js:1272:10)
    at Server.listen (net.js:1368:5)
    at EventEmitter.listen (F:\我的坚果云\项目\Nodejs_demo\node_modules\express\lib\application.js:617:24)
    at Object.<anonymous> (F:\我的坚果云\项目\Nodejs_demo\core\app.js:31:5)
    at Module._compile (module.js:409:26)
    at Object.Module._extensions..js (module.js:416:10)
    at Module.load (module.js:343:32)
Error: listen EADDRINUSE :::8898
    at Object.exports._errnoException (util.js:870:11)
    at exports._exceptionWithHostPort (util.js:893:20)
    at Server._listen2 (net.js:1236:14)
    at listen (net.js:1272:10)
    at Server.listen (net.js:1368:5)
    at EventEmitter.listen (F:\我的坚果云\项目\Nodejs_demo\node_modules\express\lib\application.js:617:24)
    at Object.<anonymous> (F:\我的坚果云\项目\Nodejs_demo\core\app.js:31:5)
    at Module._compile (module.js:409:26)
    at Object.Module._extensions..js (module.js:416:10)
    at Module.load (module.js:343:32)
Error: listen EADDRINUSE :::8898
    at Object.exports._errnoException (util.js:870:11)
    at exports._exceptionWithHostPort (util.js:893:20)
    at Server._listen2 (net.js:1236:14)
    at listen (net.js:1272:10)
    at Server.listen (net.js:1368:5)
    at EventEmitter.listen (F:\我的坚果云\项目\Nodejs_demo\node_modules\express\lib\application.js:617:24)
    at Object.<anonymous> (F:\我的坚果云\项目\Nodejs_demo\core\app.js:31:5)
    at Module._compile (module.js:409:26)
    at Object.Module._extensions..js (module.js:416:10)
    at Module.load (module.js:343:32)
Error: listen EADDRINUSE :::8898
    at Object.exports._errnoException (util.js:870:11)
    at exports._exceptionWithHostPort (util.js:893:20)
    at Server._listen2 (net.js:1236:14)
    at listen (net.js:1272:10)
    at Server.listen (net.js:1368:5)
    at EventEmitter.listen (F:\我的坚果云\项目\Nodejs_demo\node_modules\express\lib\application.js:617:24)
    at Object.<anonymous> (F:\我的坚果云\项目\Nodejs_demo\core\app.js:31:5)
    at Module._compile (module.js:409:26)
    at Object.Module._extensions..js (module.js:416:10)
    at Module.load (module.js:343:32)
Error: listen EADDRINUSE :::8898
    at Object.exports._errnoException (util.js:870:11)
    at exports._exceptionWithHostPort (util.js:893:20)
    at Server._listen2 (net.js:1236:14)
    at listen (net.js:1272:10)
    at Server.listen (net.js:1368:5)
    at EventEmitter.listen (F:\我的坚果云\项目\Nodejs_demo\node_modules\express\lib\application.js:617:24)
    at Object.<anonymous> (F:\我的坚果云\项目\Nodejs_demo\core\app.js:31:5)
    at Module._compile (module.js:409:26)
    at Object.Module._extensions..js (module.js:416:10)
    at Module.load (module.js:343:32)
Error: listen EADDRINUSE :::8898
    at Object.exports._errnoException (util.js:870:11)
    at exports._exceptionWithHostPort (util.js:893:20)
    at Server._listen2 (net.js:1236:14)
    at listen (net.js:1272:10)
    at Server.listen (net.js:1368:5)
    at EventEmitter.listen (F:\我的坚果云\项目\Nodejs_demo\node_modules\express\lib\application.js:617:24)
    at Object.<anonymous> (F:\我的坚果云\项目\Nodejs_demo\core\app.js:31:5)
    at Module._compile (module.js:409:26)
    at Object.Module._extensions..js (module.js:416:10)
    at Module.load (module.js:343:32)
Error: listen EADDRINUSE :::8898
    at Object.exports._errnoException (util.js:870:11)
    at exports._exceptionWithHostPort (util.js:893:20)
    at Server._listen2 (net.js:1236:14)
    at listen (net.js:1272:10)
    at Server.listen (net.js:1368:5)
    at EventEmitter.listen (F:\我的坚果云\项目\Nodejs_demo\node_modules\express\lib\application.js:617:24)
    at Object.<anonymous> (F:\我的坚果云\项目\Nodejs_demo\core\app.js:31:5)
    at Module._compile (module.js:409:26)
    at Object.Module._extensions..js (module.js:416:10)
    at Module.load (module.js:343:32)
Error: listen EADDRINUSE :::8898
    at Object.exports._errnoException (util.js:870:11)
    at exports._exceptionWithHostPort (util.js:893:20)
    at Server._listen2 (net.js:1236:14)
    at listen (net.js:1272:10)
    at Server.listen (net.js:1368:5)
    at EventEmitter.listen (F:\我的坚果云\项目\Nodejs_demo\node_modules\express\lib\application.js:617:24)
    at Object.<anonymous> (F:\我的坚果云\项目\Nodejs_demo\core\app.js:31:5)
    at Module._compile (module.js:409:26)
    at Object.Module._extensions..js (module.js:416:10)
    at Module.load (module.js:343:32)
Error: listen EADDRINUSE :::8898
    at Object.exports._errnoException (util.js:870:11)
    at exports._exceptionWithHostPort (util.js:893:20)
    at Server._listen2 (net.js:1236:14)
    at listen (net.js:1272:10)
    at Server.listen (net.js:1368:5)
    at EventEmitter.listen (F:\我的坚果云\项目\Nodejs_demo\node_modules\express\lib\application.js:617:24)
    at Object.<anonymous> (F:\我的坚果云\项目\Nodejs_demo\core\app.js:31:5)
    at Module._compile (module.js:409:26)
    at Object.Module._extensions..js (module.js:416:10)
    at Module.load (module.js:343:32)
Error: listen EADDRINUSE :::8898
    at Object.exports._errnoException (util.js:870:11)
    at exports._exceptionWithHostPort (util.js:893:20)
    at Server._listen2 (net.js:1236:14)
    at listen (net.js:1272:10)
    at Server.listen (net.js:1368:5)
    at EventEmitter.listen (F:\我的坚果云\项目\Nodejs_demo\node_modules\express\lib\application.js:617:24)
    at Object.<anonymous> (F:\我的坚果云\项目\Nodejs_demo\core\app.js:31:5)
    at Module._compile (module.js:409:26)
    at Object.Module._extensions..js (module.js:416:10)
    at Module.load (module.js:343:32)
Error: listen EADDRINUSE :::8898
    at Object.exports._errnoException (util.js:870:11)
    at exports._exceptionWithHostPort (util.js:893:20)
    at Server._listen2 (net.js:1236:14)
    at listen (net.js:1272:10)
    at Server.listen (net.js:1368:5)
    at EventEmitter.listen (F:\我的坚果云\项目\Nodejs_demo\node_modules\express\lib\application.js:617:24)
    at Object.<anonymous> (F:\我的坚果云\项目\Nodejs_demo\core\app.js:31:5)
    at Module._compile (module.js:409:26)
    at Object.Module._extensions..js (module.js:416:10)
    at Module.load (module.js:343:32)
Error: listen EADDRINUSE :::8898
    at Object.exports._errnoException (util.js:870:11)
    at exports._exceptionWithHostPort (util.js:893:20)
    at Server._listen2 (net.js:1236:14)
    at listen (net.js:1272:10)
    at Server.listen (net.js:1368:5)
    at EventEmitter.listen (F:\我的坚果云\项目\Nodejs_demo\node_modules\express\lib\application.js:617:24)
    at Object.<anonymous> (F:\我的坚果云\项目\Nodejs_demo\core\app.js:31:5)
    at Module._compile (module.js:409:26)
    at Object.Module._extensions..js (module.js:416:10)
    at Module.load (module.js:343:32)
Error: listen EADDRINUSE :::8898
    at Object.exports._errnoException (util.js:870:11)
    at exports._exceptionWithHostPort (util.js:893:20)
    at Server._listen2 (net.js:1236:14)
    at listen (net.js:1272:10)
    at Server.listen (net.js:1368:5)
    at EventEmitter.listen (F:\我的坚果云\项目\Nodejs_demo\node_modules\express\lib\application.js:617:24)
    at Object.<anonymous> (F:\我的坚果云\项目\Nodejs_demo\core\app.js:31:5)
    at Module._compile (module.js:409:26)
    at Object.Module._extensions..js (module.js:416:10)
    at Module.load (module.js:343:32)
Error: listen EADDRINUSE :::8898
    at Object.exports._errnoException (util.js:870:11)
    at exports._exceptionWithHostPort (util.js:893:20)
    at Server._listen2 (net.js:1236:14)
    at listen (net.js:1272:10)
    at Server.listen (net.js:1368:5)
    at EventEmitter.listen (F:\我的坚果云\项目\Nodejs_demo\node_modules\express\lib\application.js:617:24)
    at Object.<anonymous> (F:\我的坚果云\项目\Nodejs_demo\core\app.js:31:5)
    at Module._compile (module.js:409:26)
    at Object.Module._extensions..js (module.js:416:10)
    at Module.load (module.js:343:32)
Error: listen EADDRINUSE :::8898
    at Object.exports._errnoException (util.js:870:11)
    at exports._exceptionWithHostPort (util.js:893:20)
    at Server._listen2 (net.js:1236:14)
    at listen (net.js:1272:10)
    at Server.listen (net.js:1368:5)
    at EventEmitter.listen (F:\我的坚果云\项目\Nodejs_demo\node_modules\express\lib\application.js:617:24)
    at Object.<anonymous> (F:\我的坚果云\项目\Nodejs_demo\core\app.js:31:5)
    at Module._compile (module.js:409:26)
    at Object.Module._extensions..js (module.js:416:10)
    at Module.load (module.js:343:32)
Error: listen EADDRINUSE :::8898
    at Object.exports._errnoException (util.js:870:11)
    at exports._exceptionWithHostPort (util.js:893:20)
    at Server._listen2 (net.js:1236:14)
    at listen (net.js:1272:10)
    at Server.listen (net.js:1368:5)
    at EventEmitter.listen (F:\我的坚果云\项目\Nodejs_demo\node_modules\express\lib\application.js:617:24)
    at Object.<anonymous> (F:\我的坚果云\项目\Nodejs_demo\core\app.js:31:5)
    at Module._compile (module.js:409:26)
    at Object.Module._extensions..js (module.js:416:10)
    at Module.load (module.js:343:32)
Error: listen EADDRINUSE :::8898
    at Object.exports._errnoException (util.js:870:11)
    at exports._exceptionWithHostPort (util.js:893:20)
    at Server._listen2 (net.js:1236:14)
    at listen (net.js:1272:10)
    at Server.listen (net.js:1368:5)
    at EventEmitter.listen (F:\我的坚果云\项目\Nodejs_demo\node_modules\express\lib\application.js:617:24)
    at Object.<anonymous> (F:\我的坚果云\项目\Nodejs_demo\core\app.js:31:5)
    at Module._compile (module.js:409:26)
    at Object.Module._extensions..js (module.js:416:10)
    at Module.load (module.js:343:32)
