Error: Can't set headers after they are sent.
    at ServerResponse.OutgoingMessage.setHeader (_http_outgoing.js:344:11)
    at Array.write (F:\我的坚果云\项目\Nodejs_demo\node_modules\express\node_modules\finalhandler\index.js:164:9)
    at listener (F:\我的坚果云\项目\Nodejs_demo\node_modules\express\node_modules\on-finished\index.js:169:15)
    at onFinish (F:\我的坚果云\项目\Nodejs_demo\node_modules\express\node_modules\on-finished\index.js:100:5)
    at callback (F:\我的坚果云\项目\Nodejs_demo\node_modules\express\node_modules\on-finished\node_modules\ee-first\index.js:55:10)
    at IncomingMessage.onevent (F:\我的坚果云\项目\Nodejs_demo\node_modules\express\node_modules\on-finished\node_modules\ee-first\index.js:93:5)
    at emitNone (events.js:67:13)
    at IncomingMessage.emit (events.js:166:7)
    at endReadableNT (_stream_readable.js:905:12)
    at nextTickCallbackWith2Args (node.js:437:9)
Error: listen EADDRINUSE :::8898
    at Object.exports._errnoException (util.js:870:11)
    at exports._exceptionWithHostPort (util.js:893:20)
    at Server._listen2 (net.js:1236:14)
    at listen (net.js:1272:10)
    at Server.listen (net.js:1368:5)
    at EventEmitter.listen (F:\我的坚果云\项目\Nodejs_demo\node_modules\express\lib\application.js:617:24)
    at Object.<anonymous> (F:\我的坚果云\项目\Nodejs_demo\core\app.js:31:5)
    at Module._compile (module.js:409:26)
    at Object.Module._extensions..js (module.js:416:10)
    at Module.load (module.js:343:32)
